<?xml version="1.0" encoding="UTF-8"?>
<!-- Generated by org.testng.reporters.JUnitXMLReporter -->
<testsuite ignored="0" hostname="DESKTOP-331CJC4" failures="1" tests="2" name="Test" time="20.67" errors="0" timestamp="2025-04-10T13:22:49 IST">
  <testcase classname="testCases.TC_AccountRegistrationTest" name="verify_account_registration" time="2.181"/>
  <testcase classname="testCases.TC002_LoginTest" name="verify_Login" time="11.068">
    <failure type="java.lang.AssertionError" message="Login failed expected [true] but found [false]">
      <![CDATA[java.lang.AssertionError: Login failed expected [true] but found [false]
at testCases.TC002_LoginTest.verify_Login(TC002_LoginTest.java:29)
at java.base/java.util.ArrayList.forEach(ArrayList.java:1597)
... Removed 28 stack frames]]>
    </failure>
  </testcase> <!-- verify_Login -->
</testsuite> <!-- Test -->
