<?xml version="1.0" encoding="UTF-8"?>
<!-- Generated by org.testng.reporters.JUnitXMLReporter -->
<testsuite ignored="0" hostname="DESKTOP-331CJC4" failures="0" tests="1" name="Test" time="0.174" errors="0" timestamp="2025-04-08T18:47:46 IST">
  <testcase classname="testCases.BaseClass" name="@BeforeClass setup" time="0.03">
    <failure type="java.io.FileNotFoundException" message=".\src\test\resources\config.propertise (The system cannot find the file specified)">
      <![CDATA[java.io.FileNotFoundException: .\src\test\resources\config.propertise (The system cannot find the file specified)
at java.base/java.io.FileInputStream.open0(Native Method)
at java.base/java.io.FileInputStream.open(FileInputStream.java:219)
at java.base/java.io.FileInputStream.<init>(FileInputStream.java:159)
at java.base/java.io.FileInputStream.<init>(FileInputStream.java:112)
at java.base/java.io.FileReader.<init>(FileReader.java:60)
at testCases.BaseClass.setup(BaseClass.java:29)
at java.base/java.util.ArrayList.forEach(ArrayList.java:1597)
... Removed 23 stack frames]]>
    </failure>
  </testcase> <!-- @BeforeClass setup -->
  <testcase classname="testCases.BaseClass" name="@AfterClass tearDown" time="0.0">
    <skipped/>
  </testcase> <!-- @AfterClass tearDown -->
  <testcase classname="testCases.TC002_LoginTest" name="verify_Login" time="0.001">
    <skipped/>
  </testcase> <!-- verify_Login -->
</testsuite> <!-- Test -->
